  cstd_enc_key.c
cstd_enc_key.c(46): warning C4267: “函数”: 从“size_t”转换到“int”，可能丢失数据
cstd_enc_key.c(52): warning C4996: 'fopen': This function or variable may be unsafe. Consider using fopen_s instead. To disable deprecation, use _CRT_SECURE_NO_WARNINGS. See online help for details.
  C:\Program Files (x86)\Windows Kits\10\Include\10.0.10150.0\ucrt\stdio.h(205): note: 参见“fopen”的声明
cstd_enc_key.c(54): warning C4996: 'strerror': This function or variable may be unsafe. Consider using strerror_s instead. To disable deprecation, use _CRT_SECURE_NO_WARNINGS. See online help for details.
  C:\Program Files (x86)\Windows Kits\10\Include\10.0.10150.0\ucrt\string.h(178): note: 参见“strerror”的声明
cstd_enc_key.c(58): warning C4996: 'strerror': This function or variable may be unsafe. Consider using strerror_s instead. To disable deprecation, use _CRT_SECURE_NO_WARNINGS. See online help for details.
  C:\Program Files (x86)\Windows Kits\10\Include\10.0.10150.0\ucrt\string.h(178): note: 参见“strerror”的声明
cstd_enc_key.c(62): warning C4996: 'strerror': This function or variable may be unsafe. Consider using strerror_s instead. To disable deprecation, use _CRT_SECURE_NO_WARNINGS. See online help for details.
  C:\Program Files (x86)\Windows Kits\10\Include\10.0.10150.0\ucrt\string.h(178): note: 参见“strerror”的声明
  verify.c
D:\Users\jin\Documents\GitHub\csdt_safety\src\verify\verify.c : warning C4819: 该文件包含不能在当前代码页(936)中表示的字符。请将该文件保存为 Unicode 格式以防止数据丢失
D:\Users\jin\Documents\GitHub\csdt_safety\src\verify\verify.c(195): warning C4267: “函数”: 从“size_t”转换到“int”，可能丢失数据
D:\Users\jin\Documents\GitHub\csdt_safety\src\verify\verify.c(197): warning C4267: “函数”: 从“size_t”转换到“int”，可能丢失数据
D:\Users\jin\Documents\GitHub\csdt_safety\src\verify\verify.c(197): warning C4267: “return”: 从“size_t”转换到“int”，可能丢失数据
  stdafx.cpp
  正在生成代码
  All 9 functions were compiled because no usable IPDB/IOBJ from previous compilation was found.
  已完成代码的生成
  cstd_enc_key.vcxproj -> c:\users\jin\documents\visual studio 2015\Projects\cstd_enc_key\x64\Release\cstd_enc_key.exe
